<?xml version="1.0" encoding="UTF-8"?>
<!-- Generated by org.testng.reporters.JUnitReportReporter -->
<testsuite skipped="0" hostname="DESKTOP-0HME11L" name="BankingWebsites.Firefox.Santander" tests="1" failures="0" timestamp="2020-07-13T23:50:39 BST" time="8.793" errors="0">
  <testcase name="santanderBank" time="8.793" classname="BankingWebsites.Firefox.Santander"/>
  <system-out/>
</testsuite> <!-- BankingWebsites.Firefox.Santander -->
