<?xml version="1.0" encoding="UTF-8"?>
<!-- Generated by org.testng.reporters.JUnitReportReporter -->
<testsuite skipped="0" hostname="DESKTOP-0HME11L" name="PhisioWebsites.Chrome.PhisicalBalance" tests="1" failures="0" timestamp="2020-07-13T23:17:07 BST" time="10.239" errors="0">
  <testcase name="phisicalBalance" time="10.239" classname="PhisioWebsites.Chrome.PhisicalBalance"/>
  <system-out/>
</testsuite> <!-- PhisioWebsites.Chrome.PhisicalBalance -->
