<?xml version="1.0" encoding="UTF-8"?>
<!-- Generated by org.testng.reporters.JUnitReportReporter -->
<testsuite skipped="0" hostname="DESKTOP-0HME11L" name="BankingWebsites.Firefox.Barclays" tests="1" failures="0" timestamp="2020-07-13T23:50:39 BST" time="10.019" errors="0">
  <testcase name="barclaysBank" time="10.019" classname="BankingWebsites.Firefox.Barclays"/>
  <system-out/>
</testsuite> <!-- BankingWebsites.Firefox.Barclays -->
