<?xml version="1.0" encoding="UTF-8"?>
<!-- Generated by org.testng.reporters.JUnitReportReporter -->
<testsuite skipped="0" hostname="DESKTOP-0HME11L" name="BankingWebsites.Firefox.TescoBank" tests="1" failures="0" timestamp="2020-07-13T23:50:39 BST" time="11.979" errors="0">
  <testcase name="tescoBank" time="11.979" classname="BankingWebsites.Firefox.TescoBank"/>
  <system-out/>
</testsuite> <!-- BankingWebsites.Firefox.TescoBank -->
