<?xml version="1.0" encoding="UTF-8"?>
<!-- Generated by org.testng.reporters.JUnitReportReporter -->
<testsuite skipped="0" hostname="DESKTOP-0HME11L" name="BankingWebsites.Firefox.HSBC" tests="1" failures="0" timestamp="2020-07-13T23:50:39 BST" time="10.595" errors="0">
  <testcase name="hsbcBank" time="10.595" classname="BankingWebsites.Firefox.HSBC"/>
  <system-out/>
</testsuite> <!-- BankingWebsites.Firefox.HSBC -->
