<?xml version="1.0" encoding="UTF-8"?>
<!-- Generated by org.testng.reporters.JUnitReportReporter -->
<testsuite skipped="0" hostname="DESKTOP-0HME11L" name="PhisioWebsitesChromeBrowser.BMIHealthCare" tests="1" failures="0" timestamp="2020-07-13T22:56:59 BST" time="5.541" errors="0">
  <testcase name="bMIHealthCare" time="5.541" classname="PhisioWebsitesChromeBrowser.BMIHealthCare"/>
  <system-out/>
</testsuite> <!-- PhisioWebsitesChromeBrowser.BMIHealthCare -->
