<?xml version="1.0" encoding="UTF-8"?>
<!-- Generated by org.testng.reporters.JUnitReportReporter -->
<testsuite skipped="0" hostname="DESKTOP-0HME11L" name="PhisioWebsites.Chrome.PhisicalLogical" tests="1" failures="0" timestamp="2020-07-13T23:17:07 BST" time="11.480" errors="0">
  <testcase name="phisioLogical" time="11.480" classname="PhisioWebsites.Chrome.PhisicalLogical"/>
  <system-out/>
</testsuite> <!-- PhisioWebsites.Chrome.PhisicalLogical -->
