<?xml version="1.0" encoding="UTF-8"?>
<!-- Generated by org.testng.reporters.JUnitReportReporter -->
<testsuite skipped="0" hostname="DESKTOP-0HME11L" name="PhisioWebsites.Chrome.OpticalCenter" tests="1" failures="0" timestamp="2020-07-13T23:17:07 BST" time="10.309" errors="0">
  <testcase name="optimalCentre" time="10.309" classname="PhisioWebsites.Chrome.OpticalCenter"/>
  <system-out/>
</testsuite> <!-- PhisioWebsites.Chrome.OpticalCenter -->
