<?xml version="1.0" encoding="UTF-8"?>
<!-- Generated by org.testng.reporters.JUnitReportReporter -->
<testsuite skipped="0" hostname="DESKTOP-0HME11L" name="BankingWebsites.Firefox.LloydsBank" tests="1" failures="0" timestamp="2020-07-13T23:50:39 BST" time="8.828" errors="0">
  <testcase name="lloydsBank" time="8.828" classname="BankingWebsites.Firefox.LloydsBank"/>
  <system-out/>
</testsuite> <!-- BankingWebsites.Firefox.LloydsBank -->
