<?xml version="1.0" encoding="UTF-8"?>
<!-- Generated by org.testng.reporters.JUnitReportReporter -->
<testsuite skipped="0" hostname="DESKTOP-0HME11L" name="BankingWebsites.Firefox.CitiBank" tests="1" failures="0" timestamp="2020-07-13T23:50:39 BST" time="23.938" errors="0">
  <testcase name="citiBank" time="23.938" classname="BankingWebsites.Firefox.CitiBank"/>
  <system-out/>
</testsuite> <!-- BankingWebsites.Firefox.CitiBank -->
