<?xml version="1.0" encoding="UTF-8"?>
<!-- Generated by org.testng.reporters.JUnitReportReporter -->
<testsuite skipped="0" hostname="DESKTOP-0HME11L" name="PhisioWebsitesChromeBrowser.LakkiPhisio" tests="1" failures="0" timestamp="2020-07-13T22:59:41 BST" time="6.092" errors="0">
  <testcase name="lakkiPhisio" time="6.092" classname="PhisioWebsitesChromeBrowser.LakkiPhisio"/>
  <system-out/>
</testsuite> <!-- PhisioWebsitesChromeBrowser.LakkiPhisio -->
