<?xml version="1.0" encoding="UTF-8"?>
<!-- Generated by org.testng.reporters.JUnitReportReporter -->
<testsuite skipped="0" hostname="DESKTOP-0HME11L" name="PhisioWebsites.Chrome.BMIHealthCare" tests="1" failures="0" timestamp="2020-07-13T23:17:07 BST" time="5.472" errors="0">
  <testcase name="bMIHealthCare" time="5.472" classname="PhisioWebsites.Chrome.BMIHealthCare"/>
  <system-out/>
</testsuite> <!-- PhisioWebsites.Chrome.BMIHealthCare -->
